\BOOKMARK [-1][]{thuchapter.1.-1}{\376\377\117\116\142\020\147\054\147\072\126\150\133\146\116\140\116\221\147\015\122\241\200\124\124\010\143\250\164\006}{}% 1
\BOOKMARK [0][]{thuchapter.2.0}{\376\377\166\356\137\125}{thuchapter.1.-1}% 2
\BOOKMARK [0][]{chapter.1}{\376\377\173\054\0001\172\340\000\040\170\024\172\166\200\314\146\157\124\214\141\017\116\111}{thuchapter.1.-1}% 3
\BOOKMARK [1][-]{section.1.1}{\376\377\0001\000.\0001\000\040\170\024\172\166\200\314\146\157}{chapter.1}% 4
\BOOKMARK [1][-]{section.1.2}{\376\377\0001\000.\0002\000\040\213\272\145\207\230\230\166\356\166\204\121\231\154\325}{chapter.1}% 5
\BOOKMARK [2][-]{subsection.1.2.1}{\376\377\0001\000.\0002\000.\0001\000\040\142\374\143\245\137\017}{section.1.2}% 6
\BOOKMARK [1][-]{section.1.3}{\376\377\0001\000.\0003\000\040\144\130\211\201\166\204\121\231\154\325}{chapter.1}% 7
\BOOKMARK [1][-]{section.1.4}{\376\377\0001\000.\0004\000\040\137\025\212\000\166\204\121\231\154\325}{chapter.1}% 8
\BOOKMARK [1][-]{section.1.5}{\376\377\0001\000.\0005\000\040\153\143\145\207\166\204\121\231\154\325}{chapter.1}% 9
\BOOKMARK [1][-]{section.1.6}{\376\377\0001\000.\0006\000\040\176\323\213\272\166\204\121\231\154\325}{chapter.1}% 10
\BOOKMARK [0][]{chapter.2}{\376\377\173\054\0002\172\340\000\040\170\024\172\166\200\314\146\157\124\214\141\017\116\111}{thuchapter.1.-1}% 11
\BOOKMARK [1][-]{section.2.1}{\376\377\0002\000.\0001\000\040\170\024\172\166\200\314\146\157}{chapter.2}% 12
\BOOKMARK [1][-]{section.2.2}{\376\377\0002\000.\0002\000\040\213\272\145\207\230\230\166\356\166\204\121\231\154\325}{chapter.2}% 13
\BOOKMARK [2][-]{subsection.2.2.1}{\376\377\0002\000.\0002\000.\0001\000\040\142\374\143\245\137\017}{section.2.2}% 14
\BOOKMARK [1][-]{section.2.3}{\376\377\0002\000.\0003\000\040\144\130\211\201\166\204\121\231\154\325}{chapter.2}% 15
\BOOKMARK [1][-]{section.2.4}{\376\377\0002\000.\0004\000\040\137\025\212\000\166\204\121\231\154\325}{chapter.2}% 16
\BOOKMARK [1][-]{section.2.5}{\376\377\0002\000.\0005\000\040\153\143\145\207\166\204\121\231\154\325}{chapter.2}% 17
\BOOKMARK [1][-]{section.2.6}{\376\377\0002\000.\0006\000\040\176\323\213\272\166\204\121\231\154\325}{chapter.2}% 18
\BOOKMARK [0][]{chapter.3}{\376\377\173\054\0003\172\340\000\040\213\272\145\207\116\073\211\201\220\350\122\006\166\204\121\231\154\325}{thuchapter.1.-1}% 19
\BOOKMARK [1][-]{section.3.1}{\376\377\0003\000.\0001\000\040\213\272\145\207\166\204\213\355\212\000\123\312\210\150\217\360}{chapter.3}% 20
\BOOKMARK [1][-]{section.3.2}{\376\377\0003\000.\0002\000\040\213\272\145\207\230\230\166\356\166\204\121\231\154\325}{chapter.3}% 21
\BOOKMARK [1][-]{section.3.3}{\376\377\0003\000.\0003\000\040\144\130\211\201\166\204\121\231\154\325}{chapter.3}% 22
\BOOKMARK [1][-]{section.3.4}{\376\377\0003\000.\0004\000\040\137\025\212\000\166\204\121\231\154\325}{chapter.3}% 23
\BOOKMARK [1][-]{section.3.5}{\376\377\0003\000.\0005\000\040\153\143\145\207\166\204\121\231\154\325}{chapter.3}% 24
\BOOKMARK [1][-]{section.3.6}{\376\377\0003\000.\0006\000\040\176\323\213\272\166\204\121\231\154\325}{chapter.3}% 25
\BOOKMARK [0][]{chapter.4}{\376\377\173\054\0004\172\340\000\040\126\376\210\150\171\072\117\213}{thuchapter.1.-1}% 26
\BOOKMARK [1][-]{section.4.1}{\376\377\0004\000.\0001\000\040\143\322\126\376}{chapter.4}% 27
\BOOKMARK [1][-]{section.4.2}{\376\377\0004\000.\0002\000\040\210\150\150\074}{chapter.4}% 28
\BOOKMARK [1][-]{section.4.3}{\376\377\0004\000.\0003\000\040\173\227\154\325}{chapter.4}% 29
\BOOKMARK [0][]{chapter.5}{\376\377\173\054\0005\172\340\000\040\145\160\133\146\173\046\123\367\124\214\121\154\137\017}{thuchapter.1.-1}% 30
\BOOKMARK [1][-]{section.5.1}{\376\377\0005\000.\0001\000\040\145\160\133\146\173\046\123\367}{chapter.5}% 31
\BOOKMARK [1][-]{section.5.2}{\376\377\0005\000.\0002\000\040\145\160\133\146\121\154\137\017}{chapter.5}% 32
\BOOKMARK [1][-]{section.5.3}{\376\377\0005\000.\0003\000\040\145\160\133\146\133\232\164\006}{chapter.5}% 33
\BOOKMARK [0][]{chapter.6}{\376\377\173\054\0006\172\340\000\040\137\025\165\050\145\207\163\056\166\204\150\007\154\350}{thuchapter.1.-1}% 34
\BOOKMARK [1][-]{section.6.1}{\376\377\0006\000.\0001\000\040\230\172\136\217\177\026\170\001\122\066}{chapter.6}% 35
\BOOKMARK [1][-]{section.6.2}{\376\377\0006\000.\0002\000\040\204\127\200\005\000-\121\372\162\110\136\164\122\066}{chapter.6}% 36
\BOOKMARK [0][]{section*.9}{\376\377\123\302\200\003\145\207\163\056}{thuchapter.1.-1}% 37
